# JRE version: OpenJDK Runtime Environment Temurin-17.0.7+7 (17.0.7+7) (build 17.0.7+7)
# Java VM: OpenJDK 64-Bit Server VM Temurin-17.0.7+7 (17.0.7+7, mixed mode, tiered, compressed oops, compressed class ptrs, g1 gc, windows-amd64)
GC Precious Log:
 CPUs: 4 total, 4 available
 Memory: 3992M
 Large Page Support: Disabled
 NUMA Support: Disabled
 Compressed Oops: Enabled (32-bit)
 Heap Region Size: 1M
 Heap Min Capacity: 8M
 Heap Initial Capacity: 64M
 Heap Max Capacity: 1000M
 Pre-touch: Disabled
 Parallel Workers: 4
 Concurrent Workers: 1
 Concurrent Refinement Workers: 4
 Periodic GC: Disabled
Heap:
 garbage-first heap   total 30720K, used 21084K [0x00000000c1800000, 0x0000000100000000)
  region size 1024K, 6 young (6144K), 1 survivors (1024K)
 Metaspace       used 37759K, committed 38144K, reserved 1114112K
  class space    used 4710K, committed 4864K, reserved 1048576K
GC Heap History (20 events):
Event: 9.891 GC heap before
{Heap before GC invocations=7 (full 0):
 garbage-first heap   total 27648K, used 18206K [0x00000000c1800000, 0x0000000100000000)
  region size 1024K, 10 young (10240K), 1 survivors (1024K)
 Metaspace       used 23890K, committed 24192K, reserved 1114112K
  class space    used 2770K, committed 2944K, reserved 1048576K
}
Event: 9.896 GC heap after
{Heap after GC invocations=8 (full 0):
 garbage-first heap   total 27648K, used 9496K [0x00000000c1800000, 0x0000000100000000)
  region size 1024K, 1 young (1024K), 1 survivors (1024K)
 Metaspace       used 23890K, committed 24192K, reserved 1114112K
  class space    used 2770K, committed 2944K, reserved 1048576K
}
Event: 10.480 GC heap before
{Heap before GC invocations=8 (full 0):
 garbage-first heap   total 27648K, used 19736K [0x00000000c1800000, 0x0000000100000000)
  region size 1024K, 11 young (11264K), 1 survivors (1024K)
 Metaspace       used 25417K, committed 25664K, reserved 1114112K
  class space    used 2982K, committed 3136K, reserved 1048576K
}
Event: 10.485 GC heap after
{Heap after GC invocations=9 (full 0):
 garbage-first heap   total 27648K, used 10324K [0x00000000c1800000, 0x0000000100000000)
  region size 1024K, 2 young (2048K), 2 survivors (2048K)
 Metaspace       used 25417K, committed 25664K, reserved 1114112K
  class space    used 2982K, committed 3136K, reserved 1048576K
}
Event: 12.365 GC heap before
{Heap before GC invocations=9 (full 0):
 garbage-first heap   total 27648K, used 19540K [0x00000000c1800000, 0x0000000100000000)
  region size 1024K, 11 young (11264K), 2 survivors (2048K)
 Metaspace       used 26779K, committed 27136K, reserved 1114112K
  class space    used 3192K, committed 3328K, reserved 1048576K
}
Event: 12.373 GC heap after
{Heap after GC invocations=10 (full 0):
 garbage-first heap   total 27648K, used 11197K [0x00000000c1800000, 0x0000000100000000)
  region size 1024K, 2 young (2048K), 2 survivors (2048K)
 Metaspace       used 26779K, committed 27136K, reserved 1114112K
  class space    used 3192K, committed 3328K, reserved 1048576K
}
Event: 13.004 GC heap before
{Heap before GC invocations=10 (full 0):
 garbage-first heap   total 27648K, used 20413K [0x00000000c1800000, 0x0000000100000000)
  region size 1024K, 11 young (11264K), 2 survivors (2048K)
 Metaspace       used 28747K, committed 29056K, reserved 1114112K
  class space    used 3485K, committed 3648K, reserved 1048576K
}
Event: 13.014 GC heap after
{Heap after GC invocations=11 (full 0):
 garbage-first heap   total 27648K, used 12191K [0x00000000c1800000, 0x0000000100000000)
  region size 1024K, 2 young (2048K), 2 survivors (2048K)
 Metaspace       used 28747K, committed 29056K, reserved 1114112K
  class space    used 3485K, committed 3648K, reserved 1048576K
}
Event: 14.288 GC heap before
{Heap before GC invocations=11 (full 0):
 garbage-first heap   total 27648K, used 21407K [0x00000000c1800000, 0x0000000100000000)
  region size 1024K, 11 young (11264K), 2 survivors (2048K)
 Metaspace       used 31408K, committed 31808K, reserved 1114112K
  class space    used 3792K, committed 3968K, reserved 1048576K
}
Event: 14.298 GC heap after
{Heap after GC invocations=12 (full 0):
 garbage-first heap   total 27648K, used 13401K [0x00000000c1800000, 0x0000000100000000)
  region size 1024K, 2 young (2048K), 2 survivors (2048K)
 Metaspace       used 31408K, committed 31808K, reserved 1114112K
  class space    used 3792K, committed 3968K, reserved 1048576K
}
Event: 14.818 GC heap before
{Heap before GC invocations=12 (full 0):
 garbage-first heap   total 27648K, used 20569K [0x00000000c1800000, 0x0000000100000000)
  region size 1024K, 9 young (9216K), 2 survivors (2048K)
 Metaspace       used 32937K, committed 33344K, reserved 1114112K
  class space    used 4005K, committed 4224K, reserved 1048576K
}
Event: 14.827 GC heap after
{Heap after GC invocations=13 (full 0):
 garbage-first heap   total 27648K, used 14323K [0x00000000c1800000, 0x0000000100000000)
  region size 1024K, 2 young (2048K), 2 survivors (2048K)
 Metaspace       used 32937K, committed 33344K, reserved 1114112K
  class space    used 4005K, committed 4224K, reserved 1048576K
}
Event: 16.040 GC heap before
{Heap before GC invocations=13 (full 0):
 garbage-first heap   total 27648K, used 19443K [0x00000000c1800000, 0x0000000100000000)
  region size 1024K, 8 young (8192K), 2 survivors (2048K)
 Metaspace       used 33783K, committed 34240K, reserved 1114112K
  class space    used 4142K, committed 4352K, reserved 1048576K
}
Event: 16.055 GC heap after
{Heap after GC invocations=14 (full 0):
 garbage-first heap   total 27648K, used 15026K [0x00000000c1800000, 0x0000000100000000)
  region size 1024K, 1 young (1024K), 1 survivors (1024K)
 Metaspace       used 33783K, committed 34240K, reserved 1114112K
  class space    used 4142K, committed 4352K, reserved 1048576K
}
Event: 21.365 GC heap before
{Heap before GC invocations=15 (full 0):
 garbage-first heap   total 27648K, used 21170K [0x00000000c1800000, 0x0000000100000000)
  region size 1024K, 7 young (7168K), 1 survivors (1024K)
 Metaspace       used 34779K, committed 35200K, reserved 1114112K
  class space    used 4278K, committed 4480K, reserved 1048576K
}
Event: 21.369 GC heap after
{Heap after GC invocations=16 (full 0):
 garbage-first heap   total 27648K, used 16013K [0x00000000c1800000, 0x0000000100000000)
  region size 1024K, 1 young (1024K), 1 survivors (1024K)
 Metaspace       used 34779K, committed 35200K, reserved 1114112K
  class space    used 4278K, committed 4480K, reserved 1048576K
}
Event: 23.444 GC heap before
{Heap before GC invocations=16 (full 0):
 garbage-first heap   total 27648K, used 21133K [0x00000000c1800000, 0x0000000100000000)
  region size 1024K, 6 young (6144K), 1 survivors (1024K)
 Metaspace       used 35771K, committed 36224K, reserved 1114112K
  class space    used 4409K, committed 4608K, reserved 1048576K
}
Event: 23.447 GC heap after
{Heap after GC invocations=17 (full 0):
 garbage-first heap   total 27648K, used 16461K [0x00000000c1800000, 0x0000000100000000)
  region size 1024K, 1 young (1024K), 1 survivors (1024K)
 Metaspace       used 35771K, committed 36224K, reserved 1114112K
  class space    used 4409K, committed 4608K, reserved 1048576K
}
Event: 24.042 GC heap before
{Heap before GC invocations=18 (full 0):
 garbage-first heap   total 30720K, used 21581K [0x00000000c1800000, 0x0000000100000000)
  region size 1024K, 6 young (6144K), 1 survivors (1024K)
 Metaspace       used 36472K, committed 36800K, reserved 1114112K
  class space    used 4529K, committed 4672K, reserved 1048576K
}
Event: 24.046 GC heap after
{Heap after GC invocations=19 (full 0):
 garbage-first heap   total 30720K, used 16988K [0x00000000c1800000, 0x0000000100000000)
  region size 1024K, 1 young (1024K), 1 survivors (1024K)
 Metaspace       used 36472K, committed 36800K, reserved 1114112K
  class space    used 4529K, committed 4672K, reserved 1048576K
}

