# JRE version: OpenJDK Runtime Environment Temurin-17.0.7+7 (17.0.7+7) (build 17.0.7+7)
# Java VM: OpenJDK 64-Bit Server VM Temurin-17.0.7+7 (17.0.7+7, mixed mode, emulated-client, tiered, compressed oops, compressed class ptrs, g1 gc, windows-amd64)
GC Precious Log:
 CPUs: 4 total, 4 available
 Memory: 3992M
 Large Page Support: Disabled
 NUMA Support: Disabled
 Compressed Oops: Enabled (32-bit)
 Heap Region Size: 1M
 Heap Min Capacity: 8M
 Heap Initial Capacity: 64M
 Heap Max Capacity: 1G
 Pre-touch: Disabled
 Parallel Workers: 4
 Concurrent Workers: 1
 Concurrent Refinement Workers: 4
 Periodic GC: Disabled
Heap:
 garbage-first heap   total 75776K, used 39324K [0x00000000c0000000, 0x0000000100000000)
  region size 1024K, 2 young (2048K), 2 survivors (2048K)
 Metaspace       used 55531K, committed 56000K, reserved 1114112K
  class space    used 7087K, committed 7296K, reserved 1048576K
GC Heap History (20 events):
Event: 32.441 GC heap after
{Heap after GC invocations=13 (full 0):
 garbage-first heap   total 58368K, used 25659K [0x00000000c0000000, 0x0000000100000000)
  region size 1024K, 2 young (2048K), 2 survivors (2048K)
 Metaspace       used 41715K, committed 42176K, reserved 1114112K
  class space    used 5352K, committed 5568K, reserved 1048576K
}
Event: 33.423 GC heap before
{Heap before GC invocations=13 (full 0):
 garbage-first heap   total 58368K, used 44091K [0x00000000c0000000, 0x0000000100000000)
  region size 1024K, 20 young (20480K), 2 survivors (2048K)
 Metaspace       used 44533K, committed 44992K, reserved 1114112K
  class space    used 5678K, committed 5888K, reserved 1048576K
}
Event: 33.434 GC heap after
{Heap after GC invocations=14 (full 0):
 garbage-first heap   total 58368K, used 30890K [0x00000000c0000000, 0x0000000100000000)
  region size 1024K, 3 young (3072K), 3 survivors (3072K)
 Metaspace       used 44533K, committed 44992K, reserved 1114112K
  class space    used 5678K, committed 5888K, reserved 1048576K
}
Event: 33.436 GC heap before
{Heap before GC invocations=14 (full 0):
 garbage-first heap   total 58368K, used 30890K [0x00000000c0000000, 0x0000000100000000)
  region size 1024K, 4 young (4096K), 3 survivors (3072K)
 Metaspace       used 44541K, committed 44992K, reserved 1114112K
  class space    used 5680K, committed 5888K, reserved 1048576K
}
Event: 33.438 GC heap after
{Heap after GC invocations=15 (full 0):
 garbage-first heap   total 58368K, used 31121K [0x00000000c0000000, 0x0000000100000000)
  region size 1024K, 1 young (1024K), 1 survivors (1024K)
 Metaspace       used 44541K, committed 44992K, reserved 1114112K
  class space    used 5680K, committed 5888K, reserved 1048576K
}
Event: 34.796 GC heap before
{Heap before GC invocations=16 (full 0):
 garbage-first heap   total 58368K, used 43409K [0x00000000c0000000, 0x0000000100000000)
  region size 1024K, 13 young (13312K), 1 survivors (1024K)
 Metaspace       used 47826K, committed 48320K, reserved 1114112K
  class space    used 6044K, committed 6272K, reserved 1048576K
}
Event: 34.800 GC heap after
{Heap after GC invocations=17 (full 0):
 garbage-first heap   total 58368K, used 34536K [0x00000000c0000000, 0x0000000100000000)
  region size 1024K, 2 young (2048K), 2 survivors (2048K)
 Metaspace       used 47826K, committed 48320K, reserved 1114112K
  class space    used 6044K, committed 6272K, reserved 1048576K
}
Event: 35.525 GC heap before
{Heap before GC invocations=17 (full 0):
 garbage-first heap   total 58368K, used 43752K [0x00000000c0000000, 0x0000000100000000)
  region size 1024K, 12 young (12288K), 2 survivors (2048K)
 Metaspace       used 49896K, committed 50368K, reserved 1114112K
  class space    used 6324K, committed 6528K, reserved 1048576K
}
Event: 35.530 GC heap after
{Heap after GC invocations=18 (full 0):
 garbage-first heap   total 58368K, used 35574K [0x00000000c0000000, 0x0000000100000000)
  region size 1024K, 1 young (1024K), 1 survivors (1024K)
 Metaspace       used 49896K, committed 50368K, reserved 1114112K
  class space    used 6324K, committed 6528K, reserved 1048576K
}
Event: 35.703 GC heap before
{Heap before GC invocations=19 (full 0):
 garbage-first heap   total 75776K, used 43766K [0x00000000c0000000, 0x0000000100000000)
  region size 1024K, 10 young (10240K), 1 survivors (1024K)
 Metaspace       used 50443K, committed 50880K, reserved 1114112K
  class space    used 6379K, committed 6592K, reserved 1048576K
}
Event: 35.707 GC heap after
{Heap after GC invocations=20 (full 0):
 garbage-first heap   total 75776K, used 35980K [0x00000000c0000000, 0x0000000100000000)
  region size 1024K, 2 young (2048K), 2 survivors (2048K)
 Metaspace       used 50443K, committed 50880K, reserved 1114112K
  class space    used 6379K, committed 6592K, reserved 1048576K
}
Event: 35.729 GC heap before
{Heap before GC invocations=20 (full 0):
 garbage-first heap   total 75776K, used 37004K [0x00000000c0000000, 0x0000000100000000)
  region size 1024K, 3 young (3072K), 2 survivors (2048K)
 Metaspace       used 50462K, committed 50880K, reserved 1114112K
  class space    used 6380K, committed 6592K, reserved 1048576K
}
Event: 35.732 GC heap after
{Heap after GC invocations=21 (full 0):
 garbage-first heap   total 75776K, used 36075K [0x00000000c0000000, 0x0000000100000000)
  region size 1024K, 1 young (1024K), 1 survivors (1024K)
 Metaspace       used 50462K, committed 50880K, reserved 1114112K
  class space    used 6380K, committed 6592K, reserved 1048576K
}
Event: 36.528 GC heap before
{Heap before GC invocations=21 (full 0):
 garbage-first heap   total 75776K, used 55531K [0x00000000c0000000, 0x0000000100000000)
  region size 1024K, 20 young (20480K), 1 survivors (1024K)
 Metaspace       used 52455K, committed 52928K, reserved 1114112K
  class space    used 6601K, committed 6848K, reserved 1048576K
}
Event: 36.531 GC heap after
{Heap after GC invocations=22 (full 0):
 garbage-first heap   total 75776K, used 37069K [0x00000000c0000000, 0x0000000100000000)
  region size 1024K, 2 young (2048K), 2 survivors (2048K)
 Metaspace       used 52455K, committed 52928K, reserved 1114112K
  class space    used 6601K, committed 6848K, reserved 1048576K
}
Event: 67.445 GC heap before
{Heap before GC invocations=23 (full 0):
 garbage-first heap   total 75776K, used 55501K [0x00000000c0000000, 0x0000000100000000)
  region size 1024K, 21 young (21504K), 2 survivors (2048K)
 Metaspace       used 53915K, committed 54400K, reserved 1114112K
  class space    used 6827K, committed 7040K, reserved 1048576K
}
Event: 67.478 GC heap after
{Heap after GC invocations=24 (full 0):
 garbage-first heap   total 75776K, used 38266K [0x00000000c0000000, 0x0000000100000000)
  region size 1024K, 3 young (3072K), 3 survivors (3072K)
 Metaspace       used 53915K, committed 54400K, reserved 1114112K
  class space    used 6827K, committed 7040K, reserved 1048576K
}
Event: 67.486 GC heap before
{Heap before GC invocations=24 (full 0):
 garbage-first heap   total 75776K, used 39290K [0x00000000c0000000, 0x0000000100000000)
  region size 1024K, 4 young (4096K), 3 survivors (3072K)
 Metaspace       used 53915K, committed 54400K, reserved 1114112K
  class space    used 6827K, committed 7040K, reserved 1048576K
}
Event: 67.501 GC heap after
{Heap after GC invocations=25 (full 0):
 garbage-first heap   total 75776K, used 37946K [0x00000000c0000000, 0x0000000100000000)
  region size 1024K, 1 young (1024K), 1 survivors (1024K)
 Metaspace       used 53915K, committed 54400K, reserved 1114112K
  class space    used 6827K, committed 7040K, reserved 1048576K
}
Event: 109.164 GC heap before
{Heap before GC invocations=25 (full 0):
 garbage-first heap   total 75776K, used 56378K [0x00000000c0000000, 0x0000000100000000)
  region size 1024K, 20 young (20480K), 1 survivors (1024K)
 Metaspace       used 55531K, committed 56000K, reserved 1114112K
  class space    used 7087K, committed 7296K, reserved 1048576K
}

