# JRE version: OpenJDK Runtime Environment Temurin-17.0.7+7 (17.0.7+7) (build 17.0.7+7)
# Java VM: OpenJDK 64-Bit Server VM Temurin-17.0.7+7 (17.0.7+7, mixed mode, emulated-client, tiered, compressed oops, compressed class ptrs, g1 gc, windows-amd64)
GC Precious Log:
 CPUs: 4 total, 4 available
 Memory: 3992M
 Large Page Support: Disabled
 NUMA Support: Disabled
 Compressed Oops: Enabled (32-bit)
 Heap Region Size: 1M
 Heap Min Capacity: 8M
 Heap Initial Capacity: 64M
 Heap Max Capacity: 1G
 Pre-touch: Disabled
 Parallel Workers: 4
 Concurrent Workers: 1
 Concurrent Refinement Workers: 4
 Periodic GC: Disabled
Heap:
 garbage-first heap   total 280576K, used 126952K [0x00000000c0000000, 0x0000000100000000)
  region size 1024K, 10 young (10240K), 10 survivors (10240K)
 Metaspace       used 54507K, committed 54976K, reserved 1114112K
  class space    used 6863K, committed 7104K, reserved 1048576K
GC Heap History (20 events):
Event: 43.843 GC heap after
{Heap after GC invocations=23 (full 0):
 garbage-first heap   total 280576K, used 86261K [0x00000000c0000000, 0x0000000100000000)
  region size 1024K, 18 young (18432K), 18 survivors (18432K)
 Metaspace       used 48205K, committed 48704K, reserved 1114112K
  class space    used 6108K, committed 6336K, reserved 1048576K
}
Event: 44.063 GC heap before
{Heap before GC invocations=23 (full 0):
 garbage-first heap   total 280576K, used 86261K [0x00000000c0000000, 0x0000000100000000)
  region size 1024K, 19 young (19456K), 18 survivors (18432K)
 Metaspace       used 48219K, committed 48704K, reserved 1114112K
  class space    used 6110K, committed 6336K, reserved 1048576K
}
Event: 44.191 GC heap after
{Heap after GC invocations=24 (full 0):
 garbage-first heap   total 280576K, used 88723K [0x00000000c0000000, 0x0000000100000000)
  region size 1024K, 2 young (2048K), 2 survivors (2048K)
 Metaspace       used 48219K, committed 48704K, reserved 1114112K
  class space    used 6110K, committed 6336K, reserved 1048576K
}
Event: 44.636 GC heap before
{Heap before GC invocations=24 (full 0):
 garbage-first heap   total 280576K, used 167571K [0x00000000c0000000, 0x0000000100000000)
  region size 1024K, 80 young (81920K), 2 survivors (2048K)
 Metaspace       used 49009K, committed 49472K, reserved 1114112K
  class space    used 6185K, committed 6400K, reserved 1048576K
}
Event: 44.644 GC heap after
{Heap after GC invocations=25 (full 0):
 garbage-first heap   total 280576K, used 90070K [0x00000000c0000000, 0x0000000100000000)
  region size 1024K, 4 young (4096K), 4 survivors (4096K)
 Metaspace       used 49009K, committed 49472K, reserved 1114112K
  class space    used 6185K, committed 6400K, reserved 1048576K
}
Event: 46.139 GC heap before
{Heap before GC invocations=25 (full 0):
 garbage-first heap   total 280576K, used 182230K [0x00000000c0000000, 0x0000000100000000)
  region size 1024K, 95 young (97280K), 4 survivors (4096K)
 Metaspace       used 49449K, committed 49920K, reserved 1114112K
  class space    used 6231K, committed 6464K, reserved 1048576K
}
Event: 46.146 GC heap after
{Heap after GC invocations=26 (full 0):
 garbage-first heap   total 280576K, used 93807K [0x00000000c0000000, 0x0000000100000000)
  region size 1024K, 7 young (7168K), 7 survivors (7168K)
 Metaspace       used 49449K, committed 49920K, reserved 1114112K
  class space    used 6231K, committed 6464K, reserved 1048576K
}
Event: 48.019 GC heap before
{Heap before GC invocations=26 (full 0):
 garbage-first heap   total 280576K, used 195183K [0x00000000c0000000, 0x0000000100000000)
  region size 1024K, 107 young (109568K), 7 survivors (7168K)
 Metaspace       used 51003K, committed 51456K, reserved 1114112K
  class space    used 6437K, committed 6656K, reserved 1048576K
}
Event: 48.038 GC heap after
{Heap after GC invocations=27 (full 0):
 garbage-first heap   total 280576K, used 97939K [0x00000000c0000000, 0x0000000100000000)
  region size 1024K, 11 young (11264K), 11 survivors (11264K)
 Metaspace       used 51003K, committed 51456K, reserved 1114112K
  class space    used 6437K, committed 6656K, reserved 1048576K
}
Event: 48.903 GC heap before
{Heap before GC invocations=27 (full 0):
 garbage-first heap   total 280576K, used 204435K [0x00000000c0000000, 0x0000000100000000)
  region size 1024K, 116 young (118784K), 11 survivors (11264K)
 Metaspace       used 52139K, committed 52608K, reserved 1114112K
  class space    used 6593K, committed 6848K, reserved 1048576K
}
Event: 48.922 GC heap after
{Heap after GC invocations=28 (full 0):
 garbage-first heap   total 280576K, used 103227K [0x00000000c0000000, 0x0000000100000000)
  region size 1024K, 13 young (13312K), 13 survivors (13312K)
 Metaspace       used 52139K, committed 52608K, reserved 1114112K
  class space    used 6593K, committed 6848K, reserved 1048576K
}
Event: 49.308 GC heap before
{Heap before GC invocations=28 (full 0):
 garbage-first heap   total 280576K, used 210747K [0x00000000c0000000, 0x0000000100000000)
  region size 1024K, 119 young (121856K), 13 survivors (13312K)
 Metaspace       used 52748K, committed 53184K, reserved 1114112K
  class space    used 6677K, committed 6912K, reserved 1048576K
}
Event: 49.323 GC heap after
{Heap after GC invocations=29 (full 0):
 garbage-first heap   total 280576K, used 106970K [0x00000000c0000000, 0x0000000100000000)
  region size 1024K, 10 young (10240K), 10 survivors (10240K)
 Metaspace       used 52748K, committed 53184K, reserved 1114112K
  class space    used 6677K, committed 6912K, reserved 1048576K
}
Event: 49.636 GC heap before
{Heap before GC invocations=29 (full 0):
 garbage-first heap   total 280576K, used 216538K [0x00000000c0000000, 0x0000000100000000)
  region size 1024K, 118 young (120832K), 10 survivors (10240K)
 Metaspace       used 53342K, committed 53824K, reserved 1114112K
  class space    used 6732K, committed 6976K, reserved 1048576K
}
Event: 49.650 GC heap after
{Heap after GC invocations=30 (full 0):
 garbage-first heap   total 280576K, used 112308K [0x00000000c0000000, 0x0000000100000000)
  region size 1024K, 10 young (10240K), 10 survivors (10240K)
 Metaspace       used 53342K, committed 53824K, reserved 1114112K
  class space    used 6732K, committed 6976K, reserved 1048576K
}
Event: 49.907 GC heap before
{Heap before GC invocations=30 (full 0):
 garbage-first heap   total 280576K, used 220852K [0x00000000c0000000, 0x0000000100000000)
  region size 1024K, 117 young (119808K), 10 survivors (10240K)
 Metaspace       used 54197K, committed 54720K, reserved 1114112K
  class space    used 6823K, committed 7104K, reserved 1048576K
}
Event: 49.918 GC heap after
{Heap after GC invocations=31 (full 0):
 garbage-first heap   total 280576K, used 117538K [0x00000000c0000000, 0x0000000100000000)
  region size 1024K, 10 young (10240K), 10 survivors (10240K)
 Metaspace       used 54197K, committed 54720K, reserved 1114112K
  class space    used 6823K, committed 7104K, reserved 1048576K
}
Event: 50.136 GC heap before
{Heap before GC invocations=31 (full 0):
 garbage-first heap   total 280576K, used 225058K [0x00000000c0000000, 0x0000000100000000)
  region size 1024K, 116 young (118784K), 10 survivors (10240K)
 Metaspace       used 54400K, committed 54848K, reserved 1114112K
  class space    used 6846K, committed 7104K, reserved 1048576K
}
Event: 50.148 GC heap after
{Heap after GC invocations=32 (full 0):
 garbage-first heap   total 280576K, used 122613K [0x00000000c0000000, 0x0000000100000000)
  region size 1024K, 10 young (10240K), 10 survivors (10240K)
 Metaspace       used 54400K, committed 54848K, reserved 1114112K
  class space    used 6846K, committed 7104K, reserved 1048576K
}
Event: 50.324 GC heap before
{Heap before GC invocations=32 (full 0):
 garbage-first heap   total 280576K, used 228085K [0x00000000c0000000, 0x0000000100000000)
  region size 1024K, 114 young (116736K), 10 survivors (10240K)
 Metaspace       used 54507K, committed 54976K, reserved 1114112K
  class space    used 6863K, committed 7104K, reserved 1048576K
}

