# JRE version: OpenJDK Runtime Environment Temurin-17.0.7+7 (17.0.7+7) (build 17.0.7+7)
# Java VM: OpenJDK 64-Bit Server VM Temurin-17.0.7+7 (17.0.7+7, mixed mode, emulated-client, tiered, compressed oops, compressed class ptrs, g1 gc, windows-amd64)
GC Precious Log:
 CPUs: 4 total, 4 available
 Memory: 3992M
 Large Page Support: Disabled
 NUMA Support: Disabled
 Compressed Oops: Enabled (32-bit)
 Heap Region Size: 1M
 Heap Min Capacity: 8M
 Heap Initial Capacity: 64M
 Heap Max Capacity: 1G
 Pre-touch: Disabled
 Parallel Workers: 4
 Concurrent Workers: 1
 Concurrent Refinement Workers: 4
 Periodic GC: Disabled
Heap:
 garbage-first heap   total 65536K, used 18525K [0x00000000c0000000, 0x0000000100000000)
  region size 1024K, 1 young (1024K), 0 survivors (0K)
 Metaspace       used 39997K, committed 40768K, reserved 1114112K
  class space    used 5232K, committed 5504K, reserved 1048576K
GC Heap History (20 events):
Event: 4.571 GC heap before
{Heap before GC invocations=8 (full 0):
 garbage-first heap   total 55296K, used 35416K [0x00000000c0000000, 0x0000000100000000)
  region size 1024K, 19 young (19456K), 1 survivors (1024K)
 Metaspace       used 29019K, committed 29376K, reserved 1114112K
  class space    used 3633K, committed 3776K, reserved 1048576K
}
Event: 4.578 GC heap after
{Heap after GC invocations=9 (full 0):
 garbage-first heap   total 98304K, used 18415K [0x00000000c0000000, 0x0000000100000000)
  region size 1024K, 2 young (2048K), 2 survivors (2048K)
 Metaspace       used 29019K, committed 29376K, reserved 1114112K
  class space    used 3633K, committed 3776K, reserved 1048576K
}
Event: 5.837 GC heap before
{Heap before GC invocations=9 (full 0):
 garbage-first heap   total 98304K, used 57327K [0x00000000c0000000, 0x0000000100000000)
  region size 1024K, 41 young (41984K), 2 survivors (2048K)
 Metaspace       used 35785K, committed 36160K, reserved 1114112K
  class space    used 4606K, committed 4800K, reserved 1048576K
}
Event: 5.846 GC heap after
{Heap after GC invocations=10 (full 0):
 garbage-first heap   total 98304K, used 22185K [0x00000000c0000000, 0x0000000100000000)
  region size 1024K, 6 young (6144K), 6 survivors (6144K)
 Metaspace       used 35785K, committed 36160K, reserved 1114112K
  class space    used 4606K, committed 4800K, reserved 1048576K
}
Event: 46.238 GC heap before
{Heap before GC invocations=11 (full 0):
 garbage-first heap   total 86016K, used 31401K [0x00000000c0000000, 0x0000000100000000)
  region size 1024K, 16 young (16384K), 6 survivors (6144K)
 Metaspace       used 37156K, committed 37568K, reserved 1114112K
  class space    used 4822K, committed 4992K, reserved 1048576K
}
Event: 46.285 GC heap after
{Heap after GC invocations=12 (full 1):
 garbage-first heap   total 75776K, used 21622K [0x00000000c0000000, 0x0000000100000000)
  region size 1024K, 0 young (0K), 0 survivors (0K)
 Metaspace       used 37156K, committed 37568K, reserved 1114112K
  class space    used 4822K, committed 4992K, reserved 1048576K
}
Event: 158.987 GC heap before
{Heap before GC invocations=12 (full 1):
 garbage-first heap   total 75776K, used 43126K [0x00000000c0000000, 0x0000000100000000)
  region size 1024K, 23 young (23552K), 0 survivors (0K)
 Metaspace       used 40274K, committed 40768K, reserved 1114112K
  class space    used 5290K, committed 5504K, reserved 1048576K
}
Event: 159.251 GC heap after
{Heap after GC invocations=13 (full 2):
 garbage-first heap   total 75776K, used 22378K [0x00000000c0000000, 0x0000000100000000)
  region size 1024K, 0 young (0K), 0 survivors (0K)
 Metaspace       used 40274K, committed 40768K, reserved 1114112K
  class space    used 5290K, committed 5504K, reserved 1048576K
}
Event: 199.614 GC heap before
{Heap before GC invocations=13 (full 2):
 garbage-first heap   total 75776K, used 22378K [0x00000000c0000000, 0x0000000100000000)
  region size 1024K, 1 young (1024K), 0 survivors (0K)
 Metaspace       used 40276K, committed 40768K, reserved 1114112K
  class space    used 5291K, committed 5504K, reserved 1048576K
}
Event: 199.874 GC heap after
{Heap after GC invocations=14 (full 3):
 garbage-first heap   total 65536K, used 18525K [0x00000000c0000000, 0x0000000100000000)
  region size 1024K, 0 young (0K), 0 survivors (0K)
 Metaspace       used 39996K, committed 40768K, reserved 1114112K
  class space    used 5232K, committed 5504K, reserved 1048576K
}
Event: 250.199 GC heap before
{Heap before GC invocations=14 (full 3):
 garbage-first heap   total 65536K, used 18525K [0x00000000c0000000, 0x0000000100000000)
  region size 1024K, 1 young (1024K), 0 survivors (0K)
 Metaspace       used 39996K, committed 40768K, reserved 1114112K
  class space    used 5232K, committed 5504K, reserved 1048576K
}
Event: 250.236 GC heap after
{Heap after GC invocations=15 (full 4):
 garbage-first heap   total 65536K, used 18525K [0x00000000c0000000, 0x0000000100000000)
  region size 1024K, 0 young (0K), 0 survivors (0K)
 Metaspace       used 39996K, committed 40768K, reserved 1114112K
  class space    used 5232K, committed 5504K, reserved 1048576K
}
Event: 260.381 GC heap before
{Heap before GC invocations=15 (full 4):
 garbage-first heap   total 65536K, used 18525K [0x00000000c0000000, 0x0000000100000000)
  region size 1024K, 1 young (1024K), 0 survivors (0K)
 Metaspace       used 39996K, committed 40768K, reserved 1114112K
  class space    used 5232K, committed 5504K, reserved 1048576K
}
Event: 260.412 GC heap after
{Heap after GC invocations=16 (full 5):
 garbage-first heap   total 65536K, used 18525K [0x00000000c0000000, 0x0000000100000000)
  region size 1024K, 0 young (0K), 0 survivors (0K)
 Metaspace       used 39996K, committed 40768K, reserved 1114112K
  class space    used 5232K, committed 5504K, reserved 1048576K
}
Event: 320.762 GC heap before
{Heap before GC invocations=16 (full 5):
 garbage-first heap   total 65536K, used 18525K [0x00000000c0000000, 0x0000000100000000)
  region size 1024K, 1 young (1024K), 0 survivors (0K)
 Metaspace       used 39996K, committed 40768K, reserved 1114112K
  class space    used 5232K, committed 5504K, reserved 1048576K
}
Event: 320.807 GC heap after
{Heap after GC invocations=17 (full 6):
 garbage-first heap   total 65536K, used 18525K [0x00000000c0000000, 0x0000000100000000)
  region size 1024K, 0 young (0K), 0 survivors (0K)
 Metaspace       used 39996K, committed 40768K, reserved 1114112K
  class space    used 5232K, committed 5504K, reserved 1048576K
}
Event: 330.968 GC heap before
{Heap before GC invocations=17 (full 6):
 garbage-first heap   total 65536K, used 18525K [0x00000000c0000000, 0x0000000100000000)
  region size 1024K, 1 young (1024K), 0 survivors (0K)
 Metaspace       used 39996K, committed 40768K, reserved 1114112K
  class space    used 5232K, committed 5504K, reserved 1048576K
}
Event: 330.998 GC heap after
{Heap after GC invocations=18 (full 7):
 garbage-first heap   total 65536K, used 18525K [0x00000000c0000000, 0x0000000100000000)
  region size 1024K, 0 young (0K), 0 survivors (0K)
 Metaspace       used 39996K, committed 40768K, reserved 1114112K
  class space    used 5232K, committed 5504K, reserved 1048576K
}
Event: 343.333 GC heap before
{Heap before GC invocations=18 (full 7):
 garbage-first heap   total 65536K, used 18525K [0x00000000c0000000, 0x0000000100000000)
  region size 1024K, 1 young (1024K), 0 survivors (0K)
 Metaspace       used 39997K, committed 40768K, reserved 1114112K
  class space    used 5232K, committed 5504K, reserved 1048576K
}
Event: 343.373 GC heap after
{Heap after GC invocations=19 (full 8):
 garbage-first heap   total 65536K, used 18525K [0x00000000c0000000, 0x0000000100000000)
  region size 1024K, 0 young (0K), 0 survivors (0K)
 Metaspace       used 39997K, committed 40768K, reserved 1114112K
  class space    used 5232K, committed 5504K, reserved 1048576K
}

