# JRE version: OpenJDK Runtime Environment Temurin-17.0.7+7 (17.0.7+7) (build 17.0.7+7)
# Java VM: OpenJDK 64-Bit Server VM Temurin-17.0.7+7 (17.0.7+7, mixed mode, emulated-client, tiered, compressed oops, compressed class ptrs, g1 gc, windows-amd64)
GC Precious Log:
 CPUs: 4 total, 4 available
 Memory: 3992M
 Large Page Support: Disabled
 NUMA Support: Disabled
 Compressed Oops: Enabled (32-bit)
 Heap Region Size: 1M
 Heap Min Capacity: 8M
 Heap Initial Capacity: 64M
 Heap Max Capacity: 1G
 Pre-touch: Disabled
 Parallel Workers: 4
 Concurrent Workers: 1
 Concurrent Refinement Workers: 4
 Periodic GC: Disabled
Heap:
 garbage-first heap   total 133120K, used 39994K [0x00000000c0000000, 0x0000000100000000)
  region size 1024K, 1 young (1024K), 0 survivors (0K)
 Metaspace       used 74398K, committed 75072K, reserved 1114112K
  class space    used 10138K, committed 10432K, reserved 1048576K
GC Heap History (20 events):
Event: 44194.338 GC heap before
{Heap before GC invocations=910 (full 829):
 garbage-first heap   total 133120K, used 39994K [0x00000000c0000000, 0x0000000100000000)
  region size 1024K, 1 young (1024K), 0 survivors (0K)
 Metaspace       used 74398K, committed 75072K, reserved 1114112K
  class space    used 10138K, committed 10432K, reserved 1048576K
}
Event: 44194.397 GC heap after
{Heap after GC invocations=911 (full 830):
 garbage-first heap   total 133120K, used 39994K [0x00000000c0000000, 0x0000000100000000)
  region size 1024K, 0 young (0K), 0 survivors (0K)
 Metaspace       used 74398K, committed 75072K, reserved 1114112K
  class space    used 10138K, committed 10432K, reserved 1048576K
}
Event: 44204.670 GC heap before
{Heap before GC invocations=911 (full 830):
 garbage-first heap   total 133120K, used 39994K [0x00000000c0000000, 0x0000000100000000)
  region size 1024K, 1 young (1024K), 0 survivors (0K)
 Metaspace       used 74398K, committed 75072K, reserved 1114112K
  class space    used 10138K, committed 10432K, reserved 1048576K
}
Event: 44204.729 GC heap after
{Heap after GC invocations=912 (full 831):
 garbage-first heap   total 133120K, used 39994K [0x00000000c0000000, 0x0000000100000000)
  region size 1024K, 0 young (0K), 0 survivors (0K)
 Metaspace       used 74398K, committed 75072K, reserved 1114112K
  class space    used 10138K, committed 10432K, reserved 1048576K
}
Event: 44214.959 GC heap before
{Heap before GC invocations=912 (full 831):
 garbage-first heap   total 133120K, used 39994K [0x00000000c0000000, 0x0000000100000000)
  region size 1024K, 1 young (1024K), 0 survivors (0K)
 Metaspace       used 74398K, committed 75072K, reserved 1114112K
  class space    used 10138K, committed 10432K, reserved 1048576K
}
Event: 44215.022 GC heap after
{Heap after GC invocations=913 (full 832):
 garbage-first heap   total 133120K, used 39994K [0x00000000c0000000, 0x0000000100000000)
  region size 1024K, 0 young (0K), 0 survivors (0K)
 Metaspace       used 74398K, committed 75072K, reserved 1114112K
  class space    used 10138K, committed 10432K, reserved 1048576K
}
Event: 44225.304 GC heap before
{Heap before GC invocations=913 (full 832):
 garbage-first heap   total 133120K, used 39994K [0x00000000c0000000, 0x0000000100000000)
  region size 1024K, 1 young (1024K), 0 survivors (0K)
 Metaspace       used 74398K, committed 75072K, reserved 1114112K
  class space    used 10138K, committed 10432K, reserved 1048576K
}
Event: 44225.374 GC heap after
{Heap after GC invocations=914 (full 833):
 garbage-first heap   total 133120K, used 39994K [0x00000000c0000000, 0x0000000100000000)
  region size 1024K, 0 young (0K), 0 survivors (0K)
 Metaspace       used 74398K, committed 75072K, reserved 1114112K
  class space    used 10138K, committed 10432K, reserved 1048576K
}
Event: 44235.652 GC heap before
{Heap before GC invocations=914 (full 833):
 garbage-first heap   total 133120K, used 39994K [0x00000000c0000000, 0x0000000100000000)
  region size 1024K, 1 young (1024K), 0 survivors (0K)
 Metaspace       used 74398K, committed 75072K, reserved 1114112K
  class space    used 10138K, committed 10432K, reserved 1048576K
}
Event: 44235.710 GC heap after
{Heap after GC invocations=915 (full 834):
 garbage-first heap   total 133120K, used 39994K [0x00000000c0000000, 0x0000000100000000)
  region size 1024K, 0 young (0K), 0 survivors (0K)
 Metaspace       used 74398K, committed 75072K, reserved 1114112K
  class space    used 10138K, committed 10432K, reserved 1048576K
}
Event: 44245.947 GC heap before
{Heap before GC invocations=915 (full 834):
 garbage-first heap   total 133120K, used 39994K [0x00000000c0000000, 0x0000000100000000)
  region size 1024K, 1 young (1024K), 0 survivors (0K)
 Metaspace       used 74398K, committed 75072K, reserved 1114112K
  class space    used 10138K, committed 10432K, reserved 1048576K
}
Event: 44246.008 GC heap after
{Heap after GC invocations=916 (full 835):
 garbage-first heap   total 133120K, used 39994K [0x00000000c0000000, 0x0000000100000000)
  region size 1024K, 0 young (0K), 0 survivors (0K)
 Metaspace       used 74398K, committed 75072K, reserved 1114112K
  class space    used 10138K, committed 10432K, reserved 1048576K
}
Event: 44256.330 GC heap before
{Heap before GC invocations=916 (full 835):
 garbage-first heap   total 133120K, used 39994K [0x00000000c0000000, 0x0000000100000000)
  region size 1024K, 1 young (1024K), 0 survivors (0K)
 Metaspace       used 74398K, committed 75072K, reserved 1114112K
  class space    used 10138K, committed 10432K, reserved 1048576K
}
Event: 44256.389 GC heap after
{Heap after GC invocations=917 (full 836):
 garbage-first heap   total 133120K, used 39994K [0x00000000c0000000, 0x0000000100000000)
  region size 1024K, 0 young (0K), 0 survivors (0K)
 Metaspace       used 74398K, committed 75072K, reserved 1114112K
  class space    used 10138K, committed 10432K, reserved 1048576K
}
Event: 44266.647 GC heap before
{Heap before GC invocations=917 (full 836):
 garbage-first heap   total 133120K, used 39994K [0x00000000c0000000, 0x0000000100000000)
  region size 1024K, 1 young (1024K), 0 survivors (0K)
 Metaspace       used 74398K, committed 75072K, reserved 1114112K
  class space    used 10138K, committed 10432K, reserved 1048576K
}
Event: 44266.705 GC heap after
{Heap after GC invocations=918 (full 837):
 garbage-first heap   total 133120K, used 39994K [0x00000000c0000000, 0x0000000100000000)
  region size 1024K, 0 young (0K), 0 survivors (0K)
 Metaspace       used 74398K, committed 75072K, reserved 1114112K
  class space    used 10138K, committed 10432K, reserved 1048576K
}
Event: 44276.958 GC heap before
{Heap before GC invocations=918 (full 837):
 garbage-first heap   total 133120K, used 39994K [0x00000000c0000000, 0x0000000100000000)
  region size 1024K, 1 young (1024K), 0 survivors (0K)
 Metaspace       used 74398K, committed 75072K, reserved 1114112K
  class space    used 10138K, committed 10432K, reserved 1048576K
}
Event: 44277.045 GC heap after
{Heap after GC invocations=919 (full 838):
 garbage-first heap   total 133120K, used 39994K [0x00000000c0000000, 0x0000000100000000)
  region size 1024K, 0 young (0K), 0 survivors (0K)
 Metaspace       used 74398K, committed 75072K, reserved 1114112K
  class space    used 10138K, committed 10432K, reserved 1048576K
}
Event: 44287.671 GC heap before
{Heap before GC invocations=919 (full 838):
 garbage-first heap   total 133120K, used 39994K [0x00000000c0000000, 0x0000000100000000)
  region size 1024K, 1 young (1024K), 0 survivors (0K)
 Metaspace       used 74398K, committed 75072K, reserved 1114112K
  class space    used 10138K, committed 10432K, reserved 1048576K
}
Event: 44287.751 GC heap after
{Heap after GC invocations=920 (full 839):
 garbage-first heap   total 133120K, used 39994K [0x00000000c0000000, 0x0000000100000000)
  region size 1024K, 0 young (0K), 0 survivors (0K)
 Metaspace       used 74398K, committed 75072K, reserved 1114112K
  class space    used 10138K, committed 10432K, reserved 1048576K
}

