# JRE version: OpenJDK Runtime Environment Temurin-17.0.7+7 (17.0.7+7) (build 17.0.7+7)
# Java VM: OpenJDK 64-Bit Server VM Temurin-17.0.7+7 (17.0.7+7, mixed mode, tiered, compressed oops, compressed class ptrs, g1 gc, windows-amd64)
GC Precious Log:
 CPUs: 4 total, 4 available
 Memory: 3992M
 Large Page Support: Disabled
 NUMA Support: Disabled
 Compressed Oops: Enabled (32-bit)
 Heap Region Size: 1M
 Heap Min Capacity: 8M
 Heap Initial Capacity: 64M
 Heap Max Capacity: 1000M
 Pre-touch: Disabled
 Parallel Workers: 4
 Concurrent Workers: 1
 Concurrent Refinement Workers: 4
 Periodic GC: Disabled
Heap:
 garbage-first heap   total 46080K, used 23356K [0x00000000c1800000, 0x0000000100000000)
  region size 1024K, 13 young (13312K), 3 survivors (3072K)
 Metaspace       used 35655K, committed 36096K, reserved 1114112K
  class space    used 4374K, committed 4608K, reserved 1048576K
GC Heap History (20 events):
Event: 1.680 GC heap before
{Heap before GC invocations=0 (full 0):
 garbage-first heap   total 65536K, used 12288K [0x00000000c1800000, 0x0000000100000000)
  region size 1024K, 13 young (13312K), 0 survivors (0K)
 Metaspace       used 13090K, committed 13248K, reserved 1114112K
  class space    used 1398K, committed 1472K, reserved 1048576K
}
Event: 1.694 GC heap after
{Heap after GC invocations=1 (full 0):
 garbage-first heap   total 65536K, used 4653K [0x00000000c1800000, 0x0000000100000000)
  region size 1024K, 2 young (2048K), 2 survivors (2048K)
 Metaspace       used 13090K, committed 13248K, reserved 1114112K
  class space    used 1398K, committed 1472K, reserved 1048576K
}
Event: 2.307 GC heap before
{Heap before GC invocations=1 (full 0):
 garbage-first heap   total 65536K, used 12845K [0x00000000c1800000, 0x0000000100000000)
  region size 1024K, 10 young (10240K), 2 survivors (2048K)
 Metaspace       used 15586K, committed 15808K, reserved 1114112K
  class space    used 1744K, committed 1856K, reserved 1048576K
}
Event: 2.315 GC heap after
{Heap after GC invocations=2 (full 0):
 garbage-first heap   total 65536K, used 5411K [0x00000000c1800000, 0x0000000100000000)
  region size 1024K, 1 young (1024K), 1 survivors (1024K)
 Metaspace       used 15586K, committed 15808K, reserved 1114112K
  class space    used 1744K, committed 1856K, reserved 1048576K
}
Event: 5.510 GC heap before
{Heap before GC invocations=2 (full 0):
 garbage-first heap   total 65536K, used 25891K [0x00000000c1800000, 0x0000000100000000)
  region size 1024K, 23 young (23552K), 1 survivors (1024K)
 Metaspace       used 21240K, committed 21504K, reserved 1114112K
  class space    used 2423K, committed 2560K, reserved 1048576K
}
Event: 5.516 GC heap after
{Heap after GC invocations=3 (full 0):
 garbage-first heap   total 65536K, used 7333K [0x00000000c1800000, 0x0000000100000000)
  region size 1024K, 3 young (3072K), 3 survivors (3072K)
 Metaspace       used 21240K, committed 21504K, reserved 1114112K
  class space    used 2423K, committed 2560K, reserved 1048576K
}
Event: 6.072 GC heap before
{Heap before GC invocations=4 (full 0):
 garbage-first heap   total 30720K, used 21669K [0x00000000c1800000, 0x0000000100000000)
  region size 1024K, 18 young (18432K), 3 survivors (3072K)
 Metaspace       used 24808K, committed 25088K, reserved 1114112K
  class space    used 2935K, committed 3072K, reserved 1048576K
}
Event: 6.080 GC heap after
{Heap after GC invocations=5 (full 0):
 garbage-first heap   total 30720K, used 7919K [0x00000000c1800000, 0x0000000100000000)
  region size 1024K, 4 young (4096K), 4 survivors (4096K)
 Metaspace       used 24808K, committed 25088K, reserved 1114112K
  class space    used 2935K, committed 3072K, reserved 1048576K
}
Event: 6.140 GC heap before
{Heap before GC invocations=5 (full 0):
 garbage-first heap   total 30720K, used 7919K [0x00000000c1800000, 0x0000000100000000)
  region size 1024K, 5 young (5120K), 4 survivors (4096K)
 Metaspace       used 25085K, committed 25408K, reserved 1114112K
  class space    used 2966K, committed 3136K, reserved 1048576K
}
Event: 6.151 GC heap after
{Heap after GC invocations=6 (full 0):
 garbage-first heap   total 30720K, used 8284K [0x00000000c1800000, 0x0000000100000000)
  region size 1024K, 1 young (1024K), 1 survivors (1024K)
 Metaspace       used 25085K, committed 25408K, reserved 1114112K
  class space    used 2966K, committed 3136K, reserved 1048576K
}
Event: 6.874 GC heap before
{Heap before GC invocations=6 (full 0):
 garbage-first heap   total 30720K, used 18524K [0x00000000c1800000, 0x0000000100000000)
  region size 1024K, 12 young (12288K), 1 survivors (1024K)
 Metaspace       used 26690K, committed 26944K, reserved 1114112K
  class space    used 3158K, committed 3264K, reserved 1048576K
}
Event: 6.880 GC heap after
{Heap after GC invocations=7 (full 0):
 garbage-first heap   total 30720K, used 9355K [0x00000000c1800000, 0x0000000100000000)
  region size 1024K, 2 young (2048K), 2 survivors (2048K)
 Metaspace       used 26690K, committed 26944K, reserved 1114112K
  class space    used 3158K, committed 3264K, reserved 1048576K
}
Event: 7.774 GC heap before
{Heap before GC invocations=7 (full 0):
 garbage-first heap   total 30720K, used 19595K [0x00000000c1800000, 0x0000000100000000)
  region size 1024K, 13 young (13312K), 2 survivors (2048K)
 Metaspace       used 27513K, committed 27840K, reserved 1114112K
  class space    used 3243K, committed 3392K, reserved 1048576K
}
Event: 7.783 GC heap after
{Heap after GC invocations=8 (full 0):
 garbage-first heap   total 30720K, used 10354K [0x00000000c1800000, 0x0000000100000000)
  region size 1024K, 1 young (1024K), 1 survivors (1024K)
 Metaspace       used 27513K, committed 27840K, reserved 1114112K
  class space    used 3243K, committed 3392K, reserved 1048576K
}
Event: 8.393 GC heap before
{Heap before GC invocations=8 (full 0):
 garbage-first heap   total 30720K, used 20594K [0x00000000c1800000, 0x0000000100000000)
  region size 1024K, 11 young (11264K), 1 survivors (1024K)
 Metaspace       used 28827K, committed 29056K, reserved 1114112K
  class space    used 3405K, committed 3520K, reserved 1048576K
}
Event: 8.399 GC heap after
{Heap after GC invocations=9 (full 0):
 garbage-first heap   total 30720K, used 11109K [0x00000000c1800000, 0x0000000100000000)
  region size 1024K, 2 young (2048K), 2 survivors (2048K)
 Metaspace       used 28827K, committed 29056K, reserved 1114112K
  class space    used 3405K, committed 3520K, reserved 1048576K
}
Event: 9.280 GC heap before
{Heap before GC invocations=9 (full 0):
 garbage-first heap   total 30720K, used 21349K [0x00000000c1800000, 0x0000000100000000)
  region size 1024K, 12 young (12288K), 2 survivors (2048K)
 Metaspace       used 29984K, committed 30272K, reserved 1114112K
  class space    used 3589K, committed 3712K, reserved 1048576K
}
Event: 9.294 GC heap after
{Heap after GC invocations=10 (full 0):
 garbage-first heap   total 46080K, used 11959K [0x00000000c1800000, 0x0000000100000000)
  region size 1024K, 2 young (2048K), 2 survivors (2048K)
 Metaspace       used 29984K, committed 30272K, reserved 1114112K
  class space    used 3589K, committed 3712K, reserved 1048576K
}
Event: 10.840 GC heap before
{Heap before GC invocations=10 (full 0):
 garbage-first heap   total 46080K, used 32439K [0x00000000c1800000, 0x0000000100000000)
  region size 1024K, 22 young (22528K), 2 survivors (2048K)
 Metaspace       used 34423K, committed 34816K, reserved 1114112K
  class space    used 4180K, committed 4352K, reserved 1048576K
}
Event: 10.855 GC heap after
{Heap after GC invocations=11 (full 0):
 garbage-first heap   total 46080K, used 14140K [0x00000000c1800000, 0x0000000100000000)
  region size 1024K, 3 young (3072K), 3 survivors (3072K)
 Metaspace       used 34423K, committed 34816K, reserved 1114112K
  class space    used 4180K, committed 4352K, reserved 1048576K
}

