# JRE version: OpenJDK Runtime Environment Temurin-17.0.7+7 (17.0.7+7) (build 17.0.7+7)
# Java VM: OpenJDK 64-Bit Server VM Temurin-17.0.7+7 (17.0.7+7, mixed mode, emulated-client, tiered, compressed oops, compressed class ptrs, g1 gc, windows-amd64)
GC Precious Log:
 CPUs: 4 total, 4 available
 Memory: 3992M
 Large Page Support: Disabled
 NUMA Support: Disabled
 Compressed Oops: Enabled (32-bit)
 Heap Region Size: 1M
 Heap Min Capacity: 8M
 Heap Initial Capacity: 64M
 Heap Max Capacity: 1G
 Pre-touch: Disabled
 Parallel Workers: 4
 Concurrent Workers: 1
 Concurrent Refinement Workers: 4
 Periodic GC: Disabled
Heap:
 garbage-first heap   total 58368K, used 18013K [0x00000000c0000000, 0x0000000100000000)
  region size 1024K, 1 young (1024K), 0 survivors (0K)
 Metaspace       used 37020K, committed 37568K, reserved 1114112K
  class space    used 4786K, committed 4992K, reserved 1048576K
GC Heap History (20 events):
Event: 16.946 GC heap before
{Heap before GC invocations=1 (full 0):
 garbage-first heap   total 65536K, used 17287K [0x00000000c0000000, 0x0000000100000000)
  region size 1024K, 11 young (11264K), 2 survivors (2048K)
 Metaspace       used 8501K, committed 8704K, reserved 1114112K
  class space    used 970K, committed 1088K, reserved 1048576K
}
Event: 16.952 GC heap after
{Heap after GC invocations=2 (full 0):
 garbage-first heap   total 65536K, used 10280K [0x00000000c0000000, 0x0000000100000000)
  region size 1024K, 2 young (2048K), 2 survivors (2048K)
 Metaspace       used 8501K, committed 8704K, reserved 1114112K
  class space    used 970K, committed 1088K, reserved 1048576K
}
Event: 18.977 GC heap before
{Heap before GC invocations=2 (full 0):
 garbage-first heap   total 65536K, used 25640K [0x00000000c0000000, 0x0000000100000000)
  region size 1024K, 18 young (18432K), 2 survivors (2048K)
 Metaspace       used 13396K, committed 13632K, reserved 1114112K
  class space    used 1655K, committed 1792K, reserved 1048576K
}
Event: 18.984 GC heap after
{Heap after GC invocations=3 (full 0):
 garbage-first heap   total 65536K, used 11642K [0x00000000c0000000, 0x0000000100000000)
  region size 1024K, 3 young (3072K), 3 survivors (3072K)
 Metaspace       used 13396K, committed 13632K, reserved 1114112K
  class space    used 1655K, committed 1792K, reserved 1048576K
}
Event: 20.332 GC heap before
{Heap before GC invocations=3 (full 0):
 garbage-first heap   total 65536K, used 37242K [0x00000000c0000000, 0x0000000100000000)
  region size 1024K, 28 young (28672K), 3 survivors (3072K)
 Metaspace       used 19592K, committed 19840K, reserved 1114112K
  class space    used 2412K, committed 2496K, reserved 1048576K
}
Event: 20.339 GC heap after
{Heap after GC invocations=4 (full 0):
 garbage-first heap   total 65536K, used 13908K [0x00000000c0000000, 0x0000000100000000)
  region size 1024K, 4 young (4096K), 4 survivors (4096K)
 Metaspace       used 19592K, committed 19840K, reserved 1114112K
  class space    used 2412K, committed 2496K, reserved 1048576K
}
Event: 20.464 GC heap before
{Heap before GC invocations=4 (full 0):
 garbage-first heap   total 65536K, used 20052K [0x00000000c0000000, 0x0000000100000000)
  region size 1024K, 11 young (11264K), 4 survivors (4096K)
 Metaspace       used 21330K, committed 21504K, reserved 1114112K
  class space    used 2605K, committed 2688K, reserved 1048576K
}
Event: 20.474 GC heap after
{Heap after GC invocations=5 (full 0):
 garbage-first heap   total 65536K, used 14967K [0x00000000c0000000, 0x0000000100000000)
  region size 1024K, 2 young (2048K), 2 survivors (2048K)
 Metaspace       used 21330K, committed 21504K, reserved 1114112K
  class space    used 2605K, committed 2688K, reserved 1048576K
}
Event: 21.313 GC heap before
{Heap before GC invocations=6 (full 0):
 garbage-first heap   total 58368K, used 38519K [0x00000000c0000000, 0x0000000100000000)
  region size 1024K, 26 young (26624K), 2 survivors (2048K)
 Metaspace       used 26742K, committed 27008K, reserved 1114112K
  class space    used 3336K, committed 3456K, reserved 1048576K
}
Event: 21.321 GC heap after
{Heap after GC invocations=7 (full 0):
 garbage-first heap   total 58368K, used 16862K [0x00000000c0000000, 0x0000000100000000)
  region size 1024K, 3 young (3072K), 3 survivors (3072K)
 Metaspace       used 26742K, committed 27008K, reserved 1114112K
  class space    used 3336K, committed 3456K, reserved 1048576K
}
Event: 23.238 GC heap before
{Heap before GC invocations=7 (full 0):
 garbage-first heap   total 58368K, used 38366K [0x00000000c0000000, 0x0000000100000000)
  region size 1024K, 24 young (24576K), 3 survivors (3072K)
 Metaspace       used 29402K, committed 29696K, reserved 1114112K
  class space    used 3687K, committed 3840K, reserved 1048576K
}
Event: 23.248 GC heap after
{Heap after GC invocations=8 (full 0):
 garbage-first heap   total 58368K, used 18842K [0x00000000c0000000, 0x0000000100000000)
  region size 1024K, 2 young (2048K), 2 survivors (2048K)
 Metaspace       used 29402K, committed 29696K, reserved 1114112K
  class space    used 3687K, committed 3840K, reserved 1048576K
}
Event: 24.221 GC heap before
{Heap before GC invocations=8 (full 0):
 garbage-first heap   total 58368K, used 40346K [0x00000000c0000000, 0x0000000100000000)
  region size 1024K, 23 young (23552K), 2 survivors (2048K)
 Metaspace       used 32513K, committed 32896K, reserved 1114112K
  class space    used 4123K, committed 4288K, reserved 1048576K
}
Event: 24.230 GC heap after
{Heap after GC invocations=9 (full 0):
 garbage-first heap   total 58368K, used 21258K [0x00000000c0000000, 0x0000000100000000)
  region size 1024K, 3 young (3072K), 3 survivors (3072K)
 Metaspace       used 32513K, committed 32896K, reserved 1114112K
  class space    used 4123K, committed 4288K, reserved 1048576K
}
Event: 25.370 GC heap before
{Heap before GC invocations=9 (full 0):
 garbage-first heap   total 58368K, used 35594K [0x00000000c0000000, 0x0000000100000000)
  region size 1024K, 18 young (18432K), 3 survivors (3072K)
 Metaspace       used 35702K, committed 36096K, reserved 1114112K
  class space    used 4593K, committed 4800K, reserved 1048576K
}
Event: 25.377 GC heap after
{Heap after GC invocations=10 (full 0):
 garbage-first heap   total 58368K, used 22701K [0x00000000c0000000, 0x0000000100000000)
  region size 1024K, 2 young (2048K), 2 survivors (2048K)
 Metaspace       used 35702K, committed 36096K, reserved 1114112K
  class space    used 4593K, committed 4800K, reserved 1048576K
}
Event: 65.975 GC heap before
{Heap before GC invocations=11 (full 0):
 garbage-first heap   total 58368K, used 29869K [0x00000000c0000000, 0x0000000100000000)
  region size 1024K, 11 young (11264K), 2 survivors (2048K)
 Metaspace       used 37150K, committed 37568K, reserved 1114112K
  class space    used 4819K, committed 4992K, reserved 1048576K
}
Event: 66.094 GC heap after
{Heap after GC invocations=12 (full 1):
 garbage-first heap   total 58368K, used 21627K [0x00000000c0000000, 0x0000000100000000)
  region size 1024K, 0 young (0K), 0 survivors (0K)
 Metaspace       used 37150K, committed 37568K, reserved 1114112K
  class space    used 4819K, committed 4992K, reserved 1048576K
}
Event: 76.701 GC heap before
{Heap before GC invocations=12 (full 1):
 garbage-first heap   total 58368K, used 21627K [0x00000000c0000000, 0x0000000100000000)
  region size 1024K, 1 young (1024K), 0 survivors (0K)
 Metaspace       used 37150K, committed 37568K, reserved 1114112K
  class space    used 4819K, committed 4992K, reserved 1048576K
}
Event: 76.884 GC heap after
{Heap after GC invocations=13 (full 2):
 garbage-first heap   total 58368K, used 18013K [0x00000000c0000000, 0x0000000100000000)
  region size 1024K, 0 young (0K), 0 survivors (0K)
 Metaspace       used 37020K, committed 37568K, reserved 1114112K
  class space    used 4786K, committed 4992K, reserved 1048576K
}

