# JRE version: OpenJDK Runtime Environment Temurin-17.0.7+7 (17.0.7+7) (build 17.0.7+7)
# Java VM: OpenJDK 64-Bit Server VM Temurin-17.0.7+7 (17.0.7+7, mixed mode, emulated-client, tiered, compressed oops, compressed class ptrs, g1 gc, windows-amd64)
GC Precious Log:
 CPUs: 4 total, 4 available
 Memory: 3992M
 Large Page Support: Disabled
 NUMA Support: Disabled
 Compressed Oops: Enabled (32-bit)
 Heap Region Size: 1M
 Heap Min Capacity: 8M
 Heap Initial Capacity: 64M
 Heap Max Capacity: 1G
 Pre-touch: Disabled
 Parallel Workers: 4
 Concurrent Workers: 1
 Concurrent Refinement Workers: 4
 Periodic GC: Disabled
Heap:
 garbage-first heap   total 58368K, used 18089K [0x00000000c0000000, 0x0000000100000000)
  region size 1024K, 1 young (1024K), 0 survivors (0K)
 Metaspace       used 37070K, committed 37568K, reserved 1114112K
  class space    used 4799K, committed 4992K, reserved 1048576K
GC Heap History (20 events):
Event: 108.075 GC heap before
{Heap before GC invocations=14 (full 2):
 garbage-first heap   total 58368K, used 18088K [0x00000000c0000000, 0x0000000100000000)
  region size 1024K, 1 young (1024K), 0 survivors (0K)
 Metaspace       used 37069K, committed 37568K, reserved 1114112K
  class space    used 4799K, committed 4992K, reserved 1048576K
}
Event: 108.114 GC heap after
{Heap after GC invocations=15 (full 3):
 garbage-first heap   total 58368K, used 18088K [0x00000000c0000000, 0x0000000100000000)
  region size 1024K, 0 young (0K), 0 survivors (0K)
 Metaspace       used 37069K, committed 37568K, reserved 1114112K
  class space    used 4799K, committed 4992K, reserved 1048576K
}
Event: 118.344 GC heap before
{Heap before GC invocations=15 (full 3):
 garbage-first heap   total 58368K, used 18088K [0x00000000c0000000, 0x0000000100000000)
  region size 1024K, 1 young (1024K), 0 survivors (0K)
 Metaspace       used 37070K, committed 37568K, reserved 1114112K
  class space    used 4799K, committed 4992K, reserved 1048576K
}
Event: 118.373 GC heap after
{Heap after GC invocations=16 (full 4):
 garbage-first heap   total 58368K, used 18089K [0x00000000c0000000, 0x0000000100000000)
  region size 1024K, 0 young (0K), 0 survivors (0K)
 Metaspace       used 37070K, committed 37568K, reserved 1114112K
  class space    used 4799K, committed 4992K, reserved 1048576K
}
Event: 128.932 GC heap before
{Heap before GC invocations=16 (full 4):
 garbage-first heap   total 58368K, used 18089K [0x00000000c0000000, 0x0000000100000000)
  region size 1024K, 1 young (1024K), 0 survivors (0K)
 Metaspace       used 37070K, committed 37568K, reserved 1114112K
  class space    used 4799K, committed 4992K, reserved 1048576K
}
Event: 128.986 GC heap after
{Heap after GC invocations=17 (full 5):
 garbage-first heap   total 58368K, used 18089K [0x00000000c0000000, 0x0000000100000000)
  region size 1024K, 0 young (0K), 0 survivors (0K)
 Metaspace       used 37070K, committed 37568K, reserved 1114112K
  class space    used 4799K, committed 4992K, reserved 1048576K
}
Event: 139.353 GC heap before
{Heap before GC invocations=17 (full 5):
 garbage-first heap   total 58368K, used 18089K [0x00000000c0000000, 0x0000000100000000)
  region size 1024K, 1 young (1024K), 0 survivors (0K)
 Metaspace       used 37070K, committed 37568K, reserved 1114112K
  class space    used 4799K, committed 4992K, reserved 1048576K
}
Event: 139.387 GC heap after
{Heap after GC invocations=18 (full 6):
 garbage-first heap   total 58368K, used 18089K [0x00000000c0000000, 0x0000000100000000)
  region size 1024K, 0 young (0K), 0 survivors (0K)
 Metaspace       used 37070K, committed 37568K, reserved 1114112K
  class space    used 4799K, committed 4992K, reserved 1048576K
}
Event: 155.491 GC heap before
{Heap before GC invocations=18 (full 6):
 garbage-first heap   total 58368K, used 18089K [0x00000000c0000000, 0x0000000100000000)
  region size 1024K, 1 young (1024K), 0 survivors (0K)
 Metaspace       used 37070K, committed 37568K, reserved 1114112K
  class space    used 4799K, committed 4992K, reserved 1048576K
}
Event: 155.541 GC heap after
{Heap after GC invocations=19 (full 7):
 garbage-first heap   total 58368K, used 18089K [0x00000000c0000000, 0x0000000100000000)
  region size 1024K, 0 young (0K), 0 survivors (0K)
 Metaspace       used 37070K, committed 37568K, reserved 1114112K
  class space    used 4799K, committed 4992K, reserved 1048576K
}
Event: 166.967 GC heap before
{Heap before GC invocations=19 (full 7):
 garbage-first heap   total 58368K, used 18089K [0x00000000c0000000, 0x0000000100000000)
  region size 1024K, 1 young (1024K), 0 survivors (0K)
 Metaspace       used 37070K, committed 37568K, reserved 1114112K
  class space    used 4799K, committed 4992K, reserved 1048576K
}
Event: 167.005 GC heap after
{Heap after GC invocations=20 (full 8):
 garbage-first heap   total 58368K, used 18089K [0x00000000c0000000, 0x0000000100000000)
  region size 1024K, 0 young (0K), 0 survivors (0K)
 Metaspace       used 37070K, committed 37568K, reserved 1114112K
  class space    used 4799K, committed 4992K, reserved 1048576K
}
Event: 177.455 GC heap before
{Heap before GC invocations=20 (full 8):
 garbage-first heap   total 58368K, used 18089K [0x00000000c0000000, 0x0000000100000000)
  region size 1024K, 1 young (1024K), 0 survivors (0K)
 Metaspace       used 37070K, committed 37568K, reserved 1114112K
  class space    used 4799K, committed 4992K, reserved 1048576K
}
Event: 177.491 GC heap after
{Heap after GC invocations=21 (full 9):
 garbage-first heap   total 58368K, used 18089K [0x00000000c0000000, 0x0000000100000000)
  region size 1024K, 0 young (0K), 0 survivors (0K)
 Metaspace       used 37070K, committed 37568K, reserved 1114112K
  class space    used 4799K, committed 4992K, reserved 1048576K
}
Event: 188.331 GC heap before
{Heap before GC invocations=21 (full 9):
 garbage-first heap   total 58368K, used 18089K [0x00000000c0000000, 0x0000000100000000)
  region size 1024K, 1 young (1024K), 0 survivors (0K)
 Metaspace       used 37070K, committed 37568K, reserved 1114112K
  class space    used 4799K, committed 4992K, reserved 1048576K
}
Event: 188.368 GC heap after
{Heap after GC invocations=22 (full 10):
 garbage-first heap   total 58368K, used 18089K [0x00000000c0000000, 0x0000000100000000)
  region size 1024K, 0 young (0K), 0 survivors (0K)
 Metaspace       used 37070K, committed 37568K, reserved 1114112K
  class space    used 4799K, committed 4992K, reserved 1048576K
}
Event: 198.774 GC heap before
{Heap before GC invocations=22 (full 10):
 garbage-first heap   total 58368K, used 18089K [0x00000000c0000000, 0x0000000100000000)
  region size 1024K, 1 young (1024K), 0 survivors (0K)
 Metaspace       used 37070K, committed 37568K, reserved 1114112K
  class space    used 4799K, committed 4992K, reserved 1048576K
}
Event: 198.813 GC heap after
{Heap after GC invocations=23 (full 11):
 garbage-first heap   total 58368K, used 18089K [0x00000000c0000000, 0x0000000100000000)
  region size 1024K, 0 young (0K), 0 survivors (0K)
 Metaspace       used 37070K, committed 37568K, reserved 1114112K
  class space    used 4799K, committed 4992K, reserved 1048576K
}
Event: 209.113 GC heap before
{Heap before GC invocations=23 (full 11):
 garbage-first heap   total 58368K, used 18089K [0x00000000c0000000, 0x0000000100000000)
  region size 1024K, 1 young (1024K), 0 survivors (0K)
 Metaspace       used 37070K, committed 37568K, reserved 1114112K
  class space    used 4799K, committed 4992K, reserved 1048576K
}
Event: 209.148 GC heap after
{Heap after GC invocations=24 (full 12):
 garbage-first heap   total 58368K, used 18089K [0x00000000c0000000, 0x0000000100000000)
  region size 1024K, 0 young (0K), 0 survivors (0K)
 Metaspace       used 37070K, committed 37568K, reserved 1114112K
  class space    used 4799K, committed 4992K, reserved 1048576K
}

